  [1m[36m (15.0ms)[0m  [1mCREATE TABLE "schema_migrations" ("version" character varying NOT NULL) [0m
  [1m[35m (10.9ms)[0m  CREATE UNIQUE INDEX  "unique_schema_migrations" ON "schema_migrations"  ("version")
  [1m[36mActiveRecord::SchemaMigration Load (0.6ms)[0m  [1mSELECT "schema_migrations".* FROM "schema_migrations"[0m
Migrating to CreateUsers (20150630114926)
  [1m[35m (0.1ms)[0m  BEGIN
  [1m[36m (15.9ms)[0m  [1mCREATE TABLE "users" ("id" serial primary key, "name" character varying, "email" character varying, "password" character varying, "mobilenumber" bigint, "created_at" timestamp NOT NULL, "updated_at" timestamp NOT NULL) [0m
  [1m[35mSQL (0.3ms)[0m  INSERT INTO "schema_migrations" ("version") VALUES ($1)  [["version", "20150630114926"]]
  [1m[36m (6.4ms)[0m  [1mCOMMIT[0m
  [1m[35mActiveRecord::SchemaMigration Load (0.3ms)[0m  SELECT "schema_migrations".* FROM "schema_migrations"
  [1m[36m (2.0ms)[0m  [1mSELECT t2.oid::regclass::text AS to_table, a1.attname AS column, a2.attname AS primary_key, c.conname AS name, c.confupdtype AS on_update, c.confdeltype AS on_delete
FROM pg_constraint c
JOIN pg_class t1 ON c.conrelid = t1.oid
JOIN pg_class t2 ON c.confrelid = t2.oid
JOIN pg_attribute a1 ON a1.attnum = c.conkey[1] AND a1.attrelid = t1.oid
JOIN pg_attribute a2 ON a2.attnum = c.confkey[1] AND a2.attrelid = t2.oid
JOIN pg_namespace t3 ON c.connamespace = t3.oid
WHERE c.contype = 'f'
  AND t1.relname = 'users'
  AND t3.nspname = ANY (current_schemas(false))
ORDER BY c.conname
[0m
  [1m[36mActiveRecord::SchemaMigration Load (0.3ms)[0m  [1mSELECT "schema_migrations".* FROM "schema_migrations"[0m
Migrating to CreateDrivers (20150630115127)
  [1m[35m (0.2ms)[0m  BEGIN
  [1m[36m (13.0ms)[0m  [1mCREATE TABLE "drivers" ("id" serial primary key, "email" character varying, "time" time, "sourcelat" float, "sourcelong" float, "deslat" float, "deslong" float, "created_at" timestamp NOT NULL, "updated_at" timestamp NOT NULL) [0m
  [1m[35mSQL (0.3ms)[0m  INSERT INTO "schema_migrations" ("version") VALUES ($1)  [["version", "20150630115127"]]
  [1m[36m (0.5ms)[0m  [1mCOMMIT[0m
  [1m[35mActiveRecord::SchemaMigration Load (0.2ms)[0m  SELECT "schema_migrations".* FROM "schema_migrations"
  [1m[36m (2.9ms)[0m  [1mSELECT t2.oid::regclass::text AS to_table, a1.attname AS column, a2.attname AS primary_key, c.conname AS name, c.confupdtype AS on_update, c.confdeltype AS on_delete
FROM pg_constraint c
JOIN pg_class t1 ON c.conrelid = t1.oid
JOIN pg_class t2 ON c.confrelid = t2.oid
JOIN pg_attribute a1 ON a1.attnum = c.conkey[1] AND a1.attrelid = t1.oid
JOIN pg_attribute a2 ON a2.attnum = c.confkey[1] AND a2.attrelid = t2.oid
JOIN pg_namespace t3 ON c.connamespace = t3.oid
WHERE c.contype = 'f'
  AND t1.relname = 'drivers'
  AND t3.nspname = ANY (current_schemas(false))
ORDER BY c.conname
[0m
  [1m[35m (1.8ms)[0m  SELECT t2.oid::regclass::text AS to_table, a1.attname AS column, a2.attname AS primary_key, c.conname AS name, c.confupdtype AS on_update, c.confdeltype AS on_delete
FROM pg_constraint c
JOIN pg_class t1 ON c.conrelid = t1.oid
JOIN pg_class t2 ON c.confrelid = t2.oid
JOIN pg_attribute a1 ON a1.attnum = c.conkey[1] AND a1.attrelid = t1.oid
JOIN pg_attribute a2 ON a2.attnum = c.confkey[1] AND a2.attrelid = t2.oid
JOIN pg_namespace t3 ON c.connamespace = t3.oid
WHERE c.contype = 'f'
  AND t1.relname = 'users'
  AND t3.nspname = ANY (current_schemas(false))
ORDER BY c.conname



Started GET "/" for 52.4.29.156 at 2015-06-30 17:28:58 +0530
Cannot render console from 52.4.29.156! Allowed networks: 127.0.0.1, ::1, 127.0.0.0/127.255.255.255
  [1m[36mActiveRecord::SchemaMigration Load (0.5ms)[0m  [1mSELECT "schema_migrations".* FROM "schema_migrations"[0m
Processing by Rails::WelcomeController#index as */*
  Rendered /Users/saipavan/.rvm/gems/ruby-2.2.1/gems/railties-4.2.2/lib/rails/templates/rails/welcome/index.html.erb (1.5ms)
Completed 200 OK in 26ms (Views: 18.4ms | ActiveRecord: 0.0ms)


Started GET "/drivers" for ::1 at 2015-06-30 17:30:14 +0530
Processing by DriversController#index as HTML
  [1m[35mDriver Load (6.9ms)[0m  SELECT "drivers".* FROM "drivers"
  Rendered drivers/index.html.erb within layouts/application (10.5ms)
Completed 200 OK in 1485ms (Views: 1475.4ms | ActiveRecord: 7.9ms)


Started GET "/assets/scaffolds.self-bfd7550bbed76ee8e3a5a3322725e6e47e212354ca57c5675aff11816b0c065c.css?body=1" for ::1 at 2015-06-30 17:30:15 +0530


Started GET "/drivers/new" for ::1 at 2015-06-30 17:30:17 +0530
Processing by DriversController#new as HTML
  Rendered drivers/_form.html.erb (30.3ms)
  Rendered drivers/new.html.erb within layouts/application (37.4ms)
Completed 200 OK in 80ms (Views: 69.9ms | ActiveRecord: 2.0ms)


Started GET "/drivers/new" for ::1 at 2015-06-30 17:31:24 +0530
Processing by DriversController#new as HTML
  Rendered drivers/_form.html.erb (4.2ms)
  Rendered drivers/new.html.erb within layouts/application (5.6ms)
Completed 200 OK in 34ms (Views: 33.5ms | ActiveRecord: 0.0ms)


Started GET "/drivers" for ::1 at 2015-06-30 17:31:29 +0530
Processing by DriversController#index as HTML
  [1m[36mDriver Load (0.2ms)[0m  [1mSELECT "drivers".* FROM "drivers"[0m
  Rendered drivers/index.html.erb within layouts/application (0.9ms)
Completed 200 OK in 33ms (Views: 32.6ms | ActiveRecord: 0.2ms)


Started GET "/users" for ::1 at 2015-06-30 17:31:38 +0530
Processing by UsersController#index as HTML
  [1m[35mUser Load (2.0ms)[0m  SELECT "users".* FROM "users"
  Rendered users/index.html.erb within layouts/application (4.0ms)
Completed 200 OK in 32ms (Views: 27.1ms | ActiveRecord: 2.5ms)


Started GET "/users/new" for ::1 at 2015-06-30 17:31:41 +0530
Processing by UsersController#new as HTML
  Rendered users/_form.html.erb (4.1ms)
  Rendered users/new.html.erb within layouts/application (6.3ms)
Completed 200 OK in 45ms (Views: 40.5ms | ActiveRecord: 0.4ms)


Started GET "/drivers" for ::1 at 2015-06-30 17:33:46 +0530
Processing by DriversController#index as HTML
  [1m[36mDriver Load (0.7ms)[0m  [1mSELECT "drivers".* FROM "drivers"[0m
  Rendered drivers/index.html.erb within layouts/application (3.4ms)
Completed 200 OK in 44ms (Views: 43.2ms | ActiveRecord: 0.7ms)


Started GET "/drivers/new" for ::1 at 2015-06-30 17:33:48 +0530
Processing by DriversController#new as HTML
  Rendered drivers/_form.html.erb (5.6ms)
  Rendered drivers/new.html.erb within layouts/application (7.3ms)
Completed 200 OK in 47ms (Views: 46.2ms | ActiveRecord: 0.0ms)


Started POST "/drivers" for ::1 at 2015-06-30 17:34:02 +0530
Processing by DriversController#create as HTML
  Parameters: {"utf8"=>"✓", "authenticity_token"=>"mbr/1BKGh/pM1shrHV7NYB5i1cPB0m02TZVYmGNW+z0XnYABLO582Hfeag4Jic2WoYXTVsEGZO6F6HQ9tYdPZw==", "driver"=>{"email"=>"", "time(1i)"=>"2015", "time(2i)"=>"6", "time(3i)"=>"30", "time(4i)"=>"12", "time(5i)"=>"03", "sourcelat"=>"21", "sourcelong"=>"32", "deslat"=>"21", "deslong"=>"32"}, "commit"=>"Create Driver"}
  [1m[35m (0.3ms)[0m  BEGIN
  [1m[36mDriver Exists (8.7ms)[0m  [1mSELECT  1 AS one FROM "drivers" WHERE LOWER("drivers"."email") = LOWER('') LIMIT 1[0m
  [1m[35m (0.3ms)[0m  ROLLBACK
  Rendered drivers/_form.html.erb (5.2ms)
  Rendered drivers/new.html.erb within layouts/application (6.3ms)
Completed 200 OK in 62ms (Views: 33.3ms | ActiveRecord: 9.4ms)


Started GET "/drivers" for ::1 at 2015-06-30 17:34:23 +0530
Processing by DriversController#index as HTML
  [1m[36mDriver Load (0.2ms)[0m  [1mSELECT "drivers".* FROM "drivers"[0m
  Rendered drivers/index.html.erb within layouts/application (1.5ms)
Completed 200 OK in 31ms (Views: 30.1ms | ActiveRecord: 0.2ms)


Started GET "/users" for ::1 at 2015-06-30 17:34:35 +0530
Processing by UsersController#index as HTML
  [1m[35mUser Load (0.2ms)[0m  SELECT "users".* FROM "users"
  Rendered users/index.html.erb within layouts/application (0.8ms)
Completed 200 OK in 32ms (Views: 30.9ms | ActiveRecord: 0.2ms)


Started GET "/users/new" for ::1 at 2015-06-30 17:34:36 +0530
Processing by UsersController#new as HTML
  Rendered users/_form.html.erb (1.9ms)
  Rendered users/new.html.erb within layouts/application (3.3ms)
Completed 200 OK in 31ms (Views: 30.1ms | ActiveRecord: 0.0ms)


Started POST "/users" for ::1 at 2015-06-30 17:34:51 +0530
Processing by UsersController#create as HTML
  Parameters: {"utf8"=>"✓", "authenticity_token"=>"7i7bHL5GB3S70auCMbMoXQqt61hZlPglyhnQbNFFZixgCaTJgC78VoDZCeclZCirtUrtzVlA8f0CZPzJB5TSdg==", "user"=>{"name"=>"d1", "email"=>"driver1@example.com", "password"=>"[FILTERED]", "mobilenumber"=>"9876543210"}, "commit"=>"Create User"}
  [1m[36m (0.3ms)[0m  [1mBEGIN[0m
  [1m[35mUser Exists (0.3ms)[0m  SELECT  1 AS one FROM "users" WHERE LOWER("users"."email") = LOWER('driver1@example.com') LIMIT 1
  [1m[36m (0.1ms)[0m  [1mROLLBACK[0m
  Rendered users/_form.html.erb (4.5ms)
  Rendered users/new.html.erb within layouts/application (6.2ms)
Completed 200 OK in 38ms (Views: 30.8ms | ActiveRecord: 0.7ms)


Started POST "/users" for ::1 at 2015-06-30 17:34:56 +0530
Processing by UsersController#create as HTML
  Parameters: {"utf8"=>"✓", "authenticity_token"=>"4kuep1vK7MmklazpleQG4riKGPFItQk3Q7PmV/utX5ZsbOFyZaIX65+dDoyBMwYUB20eZEhhAO+LzsryLXzrzA==", "user"=>{"name"=>"d1", "email"=>"driver1@example.com", "password"=>"[FILTERED]", "mobilenumber"=>"9876543210"}, "commit"=>"Create User"}
  [1m[35m (0.2ms)[0m  BEGIN
  [1m[36mUser Exists (0.6ms)[0m  [1mSELECT  1 AS one FROM "users" WHERE LOWER("users"."email") = LOWER('driver1@example.com') LIMIT 1[0m
  [1m[35mSQL (0.4ms)[0m  INSERT INTO "users" ("name", "email", "password", "mobilenumber", "created_at", "updated_at") VALUES ($1, $2, $3, $4, $5, $6) RETURNING "id"  [["name", "d1"], ["email", "driver1@example.com"], ["password", "d12312222"], ["mobilenumber", 9876543210], ["created_at", "2015-06-30 12:04:56.941334"], ["updated_at", "2015-06-30 12:04:56.941334"]]
  [1m[36m (6.3ms)[0m  [1mCOMMIT[0m
Redirected to http://localhost:4000/users/1
Completed 302 Found in 17ms (ActiveRecord: 7.7ms)


Started GET "/users/1" for ::1 at 2015-06-30 17:34:56 +0530
Processing by UsersController#show as HTML
  Parameters: {"id"=>"1"}
  [1m[35mUser Load (0.2ms)[0m  SELECT  "users".* FROM "users" WHERE "users"."id" = $1 LIMIT 1  [["id", 1]]
  Rendered users/show.html.erb within layouts/application (1.2ms)
Completed 200 OK in 48ms (Views: 41.7ms | ActiveRecord: 0.2ms)


Started GET "/users" for ::1 at 2015-06-30 17:34:58 +0530
Processing by UsersController#index as HTML
  [1m[36mUser Load (0.2ms)[0m  [1mSELECT "users".* FROM "users"[0m
  Rendered users/index.html.erb within layouts/application (1.9ms)
Completed 200 OK in 31ms (Views: 30.3ms | ActiveRecord: 0.2ms)


Started DELETE "/users/1" for ::1 at 2015-06-30 17:35:01 +0530
Processing by UsersController#destroy as HTML
  Parameters: {"authenticity_token"=>"eN+hr60XAQrWMFe+5tp4/GKKsgTcrtngTXyWu91kXO/2+N56k3/6KO049dvyDXgK3W20kdx60DiFAboeC7XotQ==", "id"=>"1"}
  [1m[35mUser Load (0.3ms)[0m  SELECT  "users".* FROM "users" WHERE "users"."id" = $1 LIMIT 1  [["id", 1]]
  [1m[36m (0.1ms)[0m  [1mBEGIN[0m
  [1m[35mSQL (0.2ms)[0m  DELETE FROM "users" WHERE "users"."id" = $1  [["id", 1]]
  [1m[36m (6.1ms)[0m  [1mCOMMIT[0m
Redirected to http://localhost:4000/users
Completed 302 Found in 10ms (ActiveRecord: 6.7ms)


Started GET "/users" for ::1 at 2015-06-30 17:35:01 +0530
Processing by UsersController#index as HTML
  [1m[35mUser Load (0.7ms)[0m  SELECT "users".* FROM "users"
  Rendered users/index.html.erb within layouts/application (2.8ms)
Completed 200 OK in 44ms (Views: 43.0ms | ActiveRecord: 0.7ms)


Started GET "/users/new" for ::1 at 2015-06-30 17:35:20 +0530
Processing by UsersController#new as HTML
  Rendered users/_form.html.erb (2.3ms)
  Rendered users/new.html.erb within layouts/application (4.1ms)
Completed 200 OK in 34ms (Views: 33.6ms | ActiveRecord: 0.0ms)


Started POST "/create" for 220.225.46.65 at 2015-06-30 17:36:15 +0530
Cannot render console from 220.225.46.65! Allowed networks: 127.0.0.1, ::1, 127.0.0.0/127.255.255.255
Processing by UsersController#create as HTML
  Parameters: {"name"=>"praveen", "email"=>"praveen2736@gmail.com", "password"=>"[FILTERED]", "mobilenumber"=>"7896541231"}
Can't verify CSRF token authenticity
Completed 422 Unprocessable Entity in 1ms (ActiveRecord: 0.0ms)

ActionController::InvalidAuthenticityToken (ActionController::InvalidAuthenticityToken):
  actionpack (4.2.2) lib/action_controller/metal/request_forgery_protection.rb:181:in `handle_unverified_request'
  actionpack (4.2.2) lib/action_controller/metal/request_forgery_protection.rb:209:in `handle_unverified_request'
  actionpack (4.2.2) lib/action_controller/metal/request_forgery_protection.rb:204:in `verify_authenticity_token'
  activesupport (4.2.2) lib/active_support/callbacks.rb:432:in `block in make_lambda'
  activesupport (4.2.2) lib/active_support/callbacks.rb:164:in `call'
  activesupport (4.2.2) lib/active_support/callbacks.rb:164:in `block in halting'
  activesupport (4.2.2) lib/active_support/callbacks.rb:504:in `call'
  activesupport (4.2.2) lib/active_support/callbacks.rb:504:in `block in call'
  activesupport (4.2.2) lib/active_support/callbacks.rb:504:in `each'
  activesupport (4.2.2) lib/active_support/callbacks.rb:504:in `call'
  activesupport (4.2.2) lib/active_support/callbacks.rb:92:in `_run_callbacks'
  activesupport (4.2.2) lib/active_support/callbacks.rb:776:in `_run_process_action_callbacks'
  activesupport (4.2.2) lib/active_support/callbacks.rb:81:in `run_callbacks'
  actionpack (4.2.2) lib/abstract_controller/callbacks.rb:19:in `process_action'
  actionpack (4.2.2) lib/action_controller/metal/rescue.rb:29:in `process_action'
  actionpack (4.2.2) lib/action_controller/metal/instrumentation.rb:32:in `block in process_action'
  activesupport (4.2.2) lib/active_support/notifications.rb:164:in `block in instrument'
  activesupport (4.2.2) lib/active_support/notifications/instrumenter.rb:20:in `instrument'
  activesupport (4.2.2) lib/active_support/notifications.rb:164:in `instrument'
  actionpack (4.2.2) lib/action_controller/metal/instrumentation.rb:30:in `process_action'
  actionpack (4.2.2) lib/action_controller/metal/params_wrapper.rb:250:in `process_action'
  activerecord (4.2.2) lib/active_record/railties/controller_runtime.rb:18:in `process_action'
  actionpack (4.2.2) lib/abstract_controller/base.rb:137:in `process'
  actionview (4.2.2) lib/action_view/rendering.rb:30:in `process'
  actionpack (4.2.2) lib/action_controller/metal.rb:196:in `dispatch'
  actionpack (4.2.2) lib/action_controller/metal/rack_delegation.rb:13:in `dispatch'
  actionpack (4.2.2) lib/action_controller/metal.rb:237:in `block in action'
  actionpack (4.2.2) lib/action_dispatch/routing/route_set.rb:74:in `call'
  actionpack (4.2.2) lib/action_dispatch/routing/route_set.rb:74:in `dispatch'
  actionpack (4.2.2) lib/action_dispatch/routing/route_set.rb:43:in `serve'
  actionpack (4.2.2) lib/action_dispatch/journey/router.rb:43:in `block in serve'
  actionpack (4.2.2) lib/action_dispatch/journey/router.rb:30:in `each'
  actionpack (4.2.2) lib/action_dispatch/journey/router.rb:30:in `serve'
  actionpack (4.2.2) lib/action_dispatch/routing/route_set.rb:819:in `call'
  rack (1.6.4) lib/rack/etag.rb:24:in `call'
  rack (1.6.4) lib/rack/conditionalget.rb:38:in `call'
  rack (1.6.4) lib/rack/head.rb:13:in `call'
  actionpack (4.2.2) lib/action_dispatch/middleware/params_parser.rb:27:in `call'
  actionpack (4.2.2) lib/action_dispatch/middleware/flash.rb:260:in `call'
  rack (1.6.4) lib/rack/session/abstract/id.rb:225:in `context'
  rack (1.6.4) lib/rack/session/abstract/id.rb:220:in `call'
  actionpack (4.2.2) lib/action_dispatch/middleware/cookies.rb:560:in `call'
  activerecord (4.2.2) lib/active_record/query_cache.rb:36:in `call'
  activerecord (4.2.2) lib/active_record/connection_adapters/abstract/connection_pool.rb:649:in `call'
  activerecord (4.2.2) lib/active_record/migration.rb:378:in `call'
  actionpack (4.2.2) lib/action_dispatch/middleware/callbacks.rb:29:in `block in call'
  activesupport (4.2.2) lib/active_support/callbacks.rb:88:in `call'
  activesupport (4.2.2) lib/active_support/callbacks.rb:88:in `_run_callbacks'
  activesupport (4.2.2) lib/active_support/callbacks.rb:776:in `_run_call_callbacks'
  activesupport (4.2.2) lib/active_support/callbacks.rb:81:in `run_callbacks'
  actionpack (4.2.2) lib/action_dispatch/middleware/callbacks.rb:27:in `call'
  actionpack (4.2.2) lib/action_dispatch/middleware/reloader.rb:73:in `call'
  actionpack (4.2.2) lib/action_dispatch/middleware/remote_ip.rb:78:in `call'
  actionpack (4.2.2) lib/action_dispatch/middleware/debug_exceptions.rb:17:in `call'
  web-console (2.1.3) lib/web_console/middleware.rb:29:in `call'
  actionpack (4.2.2) lib/action_dispatch/middleware/show_exceptions.rb:30:in `call'
  railties (4.2.2) lib/rails/rack/logger.rb:38:in `call_app'
  railties (4.2.2) lib/rails/rack/logger.rb:20:in `block in call'
  activesupport (4.2.2) lib/active_support/tagged_logging.rb:68:in `block in tagged'
  activesupport (4.2.2) lib/active_support/tagged_logging.rb:26:in `tagged'
  activesupport (4.2.2) lib/active_support/tagged_logging.rb:68:in `tagged'
  railties (4.2.2) lib/rails/rack/logger.rb:20:in `call'
  actionpack (4.2.2) lib/action_dispatch/middleware/request_id.rb:21:in `call'
  rack (1.6.4) lib/rack/methodoverride.rb:22:in `call'
  rack (1.6.4) lib/rack/runtime.rb:18:in `call'
  activesupport (4.2.2) lib/active_support/cache/strategy/local_cache_middleware.rb:28:in `call'
  rack (1.6.4) lib/rack/lock.rb:17:in `call'
  actionpack (4.2.2) lib/action_dispatch/middleware/static.rb:113:in `call'
  rack (1.6.4) lib/rack/sendfile.rb:113:in `call'
  railties (4.2.2) lib/rails/engine.rb:518:in `call'
  railties (4.2.2) lib/rails/application.rb:164:in `call'
  rack (1.6.4) lib/rack/lock.rb:17:in `call'
  rack (1.6.4) lib/rack/content_length.rb:15:in `call'
  rack (1.6.4) lib/rack/handler/webrick.rb:88:in `service'
  /Users/saipavan/.rvm/rubies/ruby-2.2.1/lib/ruby/2.2.0/webrick/httpserver.rb:138:in `service'
  /Users/saipavan/.rvm/rubies/ruby-2.2.1/lib/ruby/2.2.0/webrick/httpserver.rb:94:in `run'
  /Users/saipavan/.rvm/rubies/ruby-2.2.1/lib/ruby/2.2.0/webrick/server.rb:294:in `block in start_thread'


  Rendered /Users/saipavan/.rvm/gems/ruby-2.2.1/gems/actionpack-4.2.2/lib/action_dispatch/middleware/templates/rescues/_source.erb (3.2ms)
  Rendered /Users/saipavan/.rvm/gems/ruby-2.2.1/gems/actionpack-4.2.2/lib/action_dispatch/middleware/templates/rescues/_trace.html.erb (2.8ms)
  Rendered /Users/saipavan/.rvm/gems/ruby-2.2.1/gems/actionpack-4.2.2/lib/action_dispatch/middleware/templates/rescues/_request_and_response.html.erb (1.5ms)
  Rendered /Users/saipavan/.rvm/gems/ruby-2.2.1/gems/actionpack-4.2.2/lib/action_dispatch/middleware/templates/rescues/diagnostics.html.erb within rescues/layout (52.8ms)


Started GET "/users" for ::1 at 2015-06-30 17:36:54 +0530
Processing by UsersController#index as HTML
  [1m[36mUser Load (0.2ms)[0m  [1mSELECT "users".* FROM "users"[0m
  Rendered users/index.html.erb within layouts/application (0.7ms)
Completed 200 OK in 40ms (Views: 39.4ms | ActiveRecord: 0.2ms)


Started GET "/users" for ::1 at 2015-06-30 17:37:06 +0530
Processing by UsersController#index as HTML
  [1m[35mUser Load (0.2ms)[0m  SELECT "users".* FROM "users"
  Rendered users/index.html.erb within layouts/application (0.7ms)
Completed 200 OK in 34ms (Views: 32.9ms | ActiveRecord: 0.2ms)


Started GET "/users/new" for ::1 at 2015-06-30 17:37:07 +0530
Processing by UsersController#new as HTML
  Rendered users/_form.html.erb (2.2ms)
  Rendered users/new.html.erb within layouts/application (3.8ms)
Completed 200 OK in 31ms (Views: 30.2ms | ActiveRecord: 0.0ms)


Started GET "/users" for ::1 at 2015-06-30 17:37:11 +0530
Processing by UsersController#index as HTML
  [1m[36mUser Load (0.2ms)[0m  [1mSELECT "users".* FROM "users"[0m
  Rendered users/index.html.erb within layouts/application (0.7ms)
Completed 200 OK in 36ms (Views: 35.1ms | ActiveRecord: 0.2ms)


Started POST "/create" for 103.43.161.3 at 2015-06-30 17:38:05 +0530
Cannot render console from 103.43.161.3! Allowed networks: 127.0.0.1, ::1, 127.0.0.0/127.255.255.255
Processing by UsersController#create as HTML
  Parameters: {"name"=>"praveen", "email"=>"praveen2736@gmail.com", "password"=>"[FILTERED]", "mobilenumber"=>"7896541231"}
Can't verify CSRF token authenticity
Completed 422 Unprocessable Entity in 1ms (ActiveRecord: 0.0ms)

ActionController::InvalidAuthenticityToken (ActionController::InvalidAuthenticityToken):
  actionpack (4.2.2) lib/action_controller/metal/request_forgery_protection.rb:181:in `handle_unverified_request'
  actionpack (4.2.2) lib/action_controller/metal/request_forgery_protection.rb:209:in `handle_unverified_request'
  actionpack (4.2.2) lib/action_controller/metal/request_forgery_protection.rb:204:in `verify_authenticity_token'
  activesupport (4.2.2) lib/active_support/callbacks.rb:432:in `block in make_lambda'
  activesupport (4.2.2) lib/active_support/callbacks.rb:164:in `call'
  activesupport (4.2.2) lib/active_support/callbacks.rb:164:in `block in halting'
  activesupport (4.2.2) lib/active_support/callbacks.rb:504:in `call'
  activesupport (4.2.2) lib/active_support/callbacks.rb:504:in `block in call'
  activesupport (4.2.2) lib/active_support/callbacks.rb:504:in `each'
  activesupport (4.2.2) lib/active_support/callbacks.rb:504:in `call'
  activesupport (4.2.2) lib/active_support/callbacks.rb:92:in `_run_callbacks'
  activesupport (4.2.2) lib/active_support/callbacks.rb:776:in `_run_process_action_callbacks'
  activesupport (4.2.2) lib/active_support/callbacks.rb:81:in `run_callbacks'
  actionpack (4.2.2) lib/abstract_controller/callbacks.rb:19:in `process_action'
  actionpack (4.2.2) lib/action_controller/metal/rescue.rb:29:in `process_action'
  actionpack (4.2.2) lib/action_controller/metal/instrumentation.rb:32:in `block in process_action'
  activesupport (4.2.2) lib/active_support/notifications.rb:164:in `block in instrument'
  activesupport (4.2.2) lib/active_support/notifications/instrumenter.rb:20:in `instrument'
  activesupport (4.2.2) lib/active_support/notifications.rb:164:in `instrument'
  actionpack (4.2.2) lib/action_controller/metal/instrumentation.rb:30:in `process_action'
  actionpack (4.2.2) lib/action_controller/metal/params_wrapper.rb:250:in `process_action'
  activerecord (4.2.2) lib/active_record/railties/controller_runtime.rb:18:in `process_action'
  actionpack (4.2.2) lib/abstract_controller/base.rb:137:in `process'
  actionview (4.2.2) lib/action_view/rendering.rb:30:in `process'
  actionpack (4.2.2) lib/action_controller/metal.rb:196:in `dispatch'
  actionpack (4.2.2) lib/action_controller/metal/rack_delegation.rb:13:in `dispatch'
  actionpack (4.2.2) lib/action_controller/metal.rb:237:in `block in action'
  actionpack (4.2.2) lib/action_dispatch/routing/route_set.rb:74:in `call'
  actionpack (4.2.2) lib/action_dispatch/routing/route_set.rb:74:in `dispatch'
  actionpack (4.2.2) lib/action_dispatch/routing/route_set.rb:43:in `serve'
  actionpack (4.2.2) lib/action_dispatch/journey/router.rb:43:in `block in serve'
  actionpack (4.2.2) lib/action_dispatch/journey/router.rb:30:in `each'
  actionpack (4.2.2) lib/action_dispatch/journey/router.rb:30:in `serve'
  actionpack (4.2.2) lib/action_dispatch/routing/route_set.rb:819:in `call'
  rack (1.6.4) lib/rack/etag.rb:24:in `call'
  rack (1.6.4) lib/rack/conditionalget.rb:38:in `call'
  rack (1.6.4) lib/rack/head.rb:13:in `call'
  actionpack (4.2.2) lib/action_dispatch/middleware/params_parser.rb:27:in `call'
  actionpack (4.2.2) lib/action_dispatch/middleware/flash.rb:260:in `call'
  rack (1.6.4) lib/rack/session/abstract/id.rb:225:in `context'
  rack (1.6.4) lib/rack/session/abstract/id.rb:220:in `call'
  actionpack (4.2.2) lib/action_dispatch/middleware/cookies.rb:560:in `call'
  activerecord (4.2.2) lib/active_record/query_cache.rb:36:in `call'
  activerecord (4.2.2) lib/active_record/connection_adapters/abstract/connection_pool.rb:649:in `call'
  activerecord (4.2.2) lib/active_record/migration.rb:378:in `call'
  actionpack (4.2.2) lib/action_dispatch/middleware/callbacks.rb:29:in `block in call'
  activesupport (4.2.2) lib/active_support/callbacks.rb:88:in `call'
  activesupport (4.2.2) lib/active_support/callbacks.rb:88:in `_run_callbacks'
  activesupport (4.2.2) lib/active_support/callbacks.rb:776:in `_run_call_callbacks'
  activesupport (4.2.2) lib/active_support/callbacks.rb:81:in `run_callbacks'
  actionpack (4.2.2) lib/action_dispatch/middleware/callbacks.rb:27:in `call'
  actionpack (4.2.2) lib/action_dispatch/middleware/reloader.rb:73:in `call'
  actionpack (4.2.2) lib/action_dispatch/middleware/remote_ip.rb:78:in `call'
  actionpack (4.2.2) lib/action_dispatch/middleware/debug_exceptions.rb:17:in `call'
  web-console (2.1.3) lib/web_console/middleware.rb:29:in `call'
  actionpack (4.2.2) lib/action_dispatch/middleware/show_exceptions.rb:30:in `call'
  railties (4.2.2) lib/rails/rack/logger.rb:38:in `call_app'
  railties (4.2.2) lib/rails/rack/logger.rb:20:in `block in call'
  activesupport (4.2.2) lib/active_support/tagged_logging.rb:68:in `block in tagged'
  activesupport (4.2.2) lib/active_support/tagged_logging.rb:26:in `tagged'
  activesupport (4.2.2) lib/active_support/tagged_logging.rb:68:in `tagged'
  railties (4.2.2) lib/rails/rack/logger.rb:20:in `call'
  actionpack (4.2.2) lib/action_dispatch/middleware/request_id.rb:21:in `call'
  rack (1.6.4) lib/rack/methodoverride.rb:22:in `call'
  rack (1.6.4) lib/rack/runtime.rb:18:in `call'
  activesupport (4.2.2) lib/active_support/cache/strategy/local_cache_middleware.rb:28:in `call'
  rack (1.6.4) lib/rack/lock.rb:17:in `call'
  actionpack (4.2.2) lib/action_dispatch/middleware/static.rb:113:in `call'
  rack (1.6.4) lib/rack/sendfile.rb:113:in `call'
  railties (4.2.2) lib/rails/engine.rb:518:in `call'
  railties (4.2.2) lib/rails/application.rb:164:in `call'
  rack (1.6.4) lib/rack/lock.rb:17:in `call'
  rack (1.6.4) lib/rack/content_length.rb:15:in `call'
  rack (1.6.4) lib/rack/handler/webrick.rb:88:in `service'
  /Users/saipavan/.rvm/rubies/ruby-2.2.1/lib/ruby/2.2.0/webrick/httpserver.rb:138:in `service'
  /Users/saipavan/.rvm/rubies/ruby-2.2.1/lib/ruby/2.2.0/webrick/httpserver.rb:94:in `run'
  /Users/saipavan/.rvm/rubies/ruby-2.2.1/lib/ruby/2.2.0/webrick/server.rb:294:in `block in start_thread'


  Rendered /Users/saipavan/.rvm/gems/ruby-2.2.1/gems/actionpack-4.2.2/lib/action_dispatch/middleware/templates/rescues/_source.erb (4.0ms)
  Rendered /Users/saipavan/.rvm/gems/ruby-2.2.1/gems/actionpack-4.2.2/lib/action_dispatch/middleware/templates/rescues/_trace.html.erb (1.8ms)
  Rendered /Users/saipavan/.rvm/gems/ruby-2.2.1/gems/actionpack-4.2.2/lib/action_dispatch/middleware/templates/rescues/_request_and_response.html.erb (0.9ms)
  Rendered /Users/saipavan/.rvm/gems/ruby-2.2.1/gems/actionpack-4.2.2/lib/action_dispatch/middleware/templates/rescues/diagnostics.html.erb within rescues/layout (48.1ms)


Started POST "/create" for 103.43.161.3 at 2015-06-30 17:39:32 +0530
Cannot render console from 103.43.161.3! Allowed networks: 127.0.0.1, ::1, 127.0.0.0/127.255.255.255
  [1m[36mActiveRecord::SchemaMigration Load (0.4ms)[0m  [1mSELECT "schema_migrations".* FROM "schema_migrations"[0m
Processing by UsersController#create as HTML
  Parameters: {"name"=>"praveen", "email"=>"praveen2736@gmail.com", "password"=>"[FILTERED]", "mobilenumber"=>"7896541231"}
Can't verify CSRF token authenticity
Completed 400 Bad Request in 3ms (ActiveRecord: 0.0ms)

ActionController::ParameterMissing (param is missing or the value is empty: user):
  app/controllers/users_controller.rb:72:in `user_params'
  app/controllers/users_controller.rb:27:in `create'


  Rendered /Users/saipavan/.rvm/gems/ruby-2.2.1/gems/actionpack-4.2.2/lib/action_dispatch/middleware/templates/rescues/_source.erb (4.0ms)
  Rendered /Users/saipavan/.rvm/gems/ruby-2.2.1/gems/actionpack-4.2.2/lib/action_dispatch/middleware/templates/rescues/_trace.html.erb (2.3ms)
  Rendered /Users/saipavan/.rvm/gems/ruby-2.2.1/gems/actionpack-4.2.2/lib/action_dispatch/middleware/templates/rescues/_request_and_response.html.erb (0.8ms)
  Rendered /Users/saipavan/.rvm/gems/ruby-2.2.1/gems/actionpack-4.2.2/lib/action_dispatch/middleware/templates/rescues/diagnostics.html.erb within rescues/layout (47.8ms)


Started POST "/create" for 103.43.161.3 at 2015-06-30 17:40:54 +0530
Cannot render console from 103.43.161.3! Allowed networks: 127.0.0.1, ::1, 127.0.0.0/127.255.255.255
Processing by UsersController#create as HTML
  Parameters: {"name"=>"praveen", "email"=>"praveen2736@gmail.com", "password"=>"[FILTERED]", "mobilenumber"=>"7896541231"}
Can't verify CSRF token authenticity
  [1m[35m (0.1ms)[0m  BEGIN
  [1m[36mUser Exists (0.6ms)[0m  [1mSELECT  1 AS one FROM "users" WHERE LOWER("users"."email") = LOWER('praveen2736@gmail.com') LIMIT 1[0m
  [1m[35mSQL (0.3ms)[0m  INSERT INTO "users" ("name", "email", "password", "mobilenumber", "created_at", "updated_at") VALUES ($1, $2, $3, $4, $5, $6) RETURNING "id"  [["name", "praveen"], ["email", "praveen2736@gmail.com"], ["password", "123456789"], ["mobilenumber", 7896541231], ["created_at", "2015-06-30 12:10:54.917893"], ["updated_at", "2015-06-30 12:10:54.917893"]]
  [1m[36m (5.7ms)[0m  [1mCOMMIT[0m
Redirected to http://a2f71fdf.ngrok.io/users/2
Completed 302 Found in 32ms (ActiveRecord: 8.7ms)


Started GET "/users/2" for 103.43.161.3 at 2015-06-30 17:40:55 +0530
Cannot render console from 103.43.161.3! Allowed networks: 127.0.0.1, ::1, 127.0.0.0/127.255.255.255
Processing by UsersController#show as HTML
  Parameters: {"id"=>"2"}
  [1m[35mUser Load (0.5ms)[0m  SELECT  "users".* FROM "users" WHERE "users"."id" = $1 LIMIT 1  [["id", 2]]
  Rendered users/show.html.erb within layouts/application (0.8ms)
Completed 200 OK in 170ms (Views: 154.4ms | ActiveRecord: 0.5ms)


Started GET "/users" for ::1 at 2015-06-30 17:41:10 +0530
Processing by UsersController#index as HTML
  [1m[36mUser Load (0.2ms)[0m  [1mSELECT "users".* FROM "users"[0m
  Rendered users/index.html.erb within layouts/application (2.3ms)
Completed 200 OK in 35ms (Views: 33.9ms | ActiveRecord: 0.2ms)


Started POST "/created" for 220.225.46.65 at 2015-06-30 17:47:12 +0530
Cannot render console from 220.225.46.65! Allowed networks: 127.0.0.1, ::1, 127.0.0.0/127.255.255.255
Processing by DriversController#create as HTML
  Parameters: {"email"=>"null@gmail.com", "time"=>"17:46", "sourcelat"=>"19.2371877", "sourcelong"=>"72.8441358", "deslat"=>"10.8505159", "deslong"=>"76.2710833"}
Can't verify CSRF token authenticity
  [1m[35m (0.1ms)[0m  BEGIN
  [1m[36mDriver Exists (0.5ms)[0m  [1mSELECT  1 AS one FROM "drivers" WHERE LOWER("drivers"."email") = LOWER('null@gmail.com') LIMIT 1[0m
  [1m[35mSQL (0.4ms)[0m  INSERT INTO "drivers" ("email", "time", "sourcelat", "sourcelong", "deslat", "deslong", "created_at", "updated_at") VALUES ($1, $2, $3, $4, $5, $6, $7, $8) RETURNING "id"  [["email", "null@gmail.com"], ["time", "2000-01-01 17:46:00.000000"], ["sourcelat", 19.2371877], ["sourcelong", 72.8441358], ["deslat", 10.8505159], ["deslong", 76.2710833], ["created_at", "2015-06-30 12:17:12.149319"], ["updated_at", "2015-06-30 12:17:12.149319"]]
  [1m[36m (1.2ms)[0m  [1mCOMMIT[0m
Redirected to http://a2f71fdf.ngrok.io/drivers/1
Completed 302 Found in 18ms (ActiveRecord: 3.4ms)


Started GET "/drivers/1" for 220.225.46.65 at 2015-06-30 17:47:12 +0530
Cannot render console from 220.225.46.65! Allowed networks: 127.0.0.1, ::1, 127.0.0.0/127.255.255.255
Processing by DriversController#show as HTML
  Parameters: {"id"=>"1"}
  [1m[35mDriver Load (0.2ms)[0m  SELECT  "drivers".* FROM "drivers" WHERE "drivers"."id" = $1 LIMIT 1  [["id", 1]]
  Rendered drivers/show.html.erb within layouts/application (1.3ms)
Completed 200 OK in 54ms (Views: 48.2ms | ActiveRecord: 0.2ms)
